<?xml version="1.0" encoding="UTF-8" ?>
<testsuite errors="1" failures="0" hostname="VID01729" name="com.mysql.management.AllTestsSuite" tests="1" time="0.0" timestamp="2011-09-14T13:58:26">
  <properties>
[...]
</properties>
  <error message="com.mysql.management.AllTestsSuite" type="java.lang.ClassNotFoundException">java.lang.ClassNotFoundException: com.mysql.management.AllTestsSuite
	at java.lang.ClassLoader.loadClass(ClassLoader.java:248)
	at java.lang.Class.forName0(Native Method)
	at java.lang.Class.forName(Class.java:247)
	at com.intellij.rt.ant.execution.AntMain2.main(AntMain2.java:32)
</error>
  <system-out><![CDATA[]]></system-out>
  <system-err><![CDATA[]]></system-err>
</testsuite>
